1613175448285	geckodriver	INFO	Listening on 127.0.0.1:55127
1613175451320	mozrunner::runner	INFO	Running command: "C:\\Program Files\\Mozilla Firefox\\firefox.exe" "--marionette" "-foreground" "-no-remote" "-profile" "C:\\Users\\silvi\\AppData\\Local\\Temp\\rust_mozprofileBQQ2pq"
console.warn: SearchSettings: "get: No settings file exists, new profile?" (new Error("", "(unknown module)"))
1613175456219	Marionette	INFO	Listening on port 55135
console.warn: SearchSettings: "get: No settings file exists, new profile?" (new Error("", "(unknown module)"))
1613175456565	Marionette	WARN	TLS certificate errors will be ignored for this session
1613175456578	Marionette	ERROR	[18] No reply from Marionette:Register
1613175511152	Marionette	INFO	Stopped listening on port 55135

###!!! [Child][RunMessage] Error: Channel closing: too late to send/recv, messages will be lost

1613175582111	geckodriver	INFO	Listening on 127.0.0.1:55221
1613175585155	mozrunner::runner	INFO	Running command: "C:\\Program Files\\Mozilla Firefox\\firefox.exe" "--marionette" "-foreground" "-no-remote" "-profile" "C:\\Users\\silvi\\AppData\\Local\\Temp\\rust_mozprofileGMWCPi"
console.warn: SearchSettings: "get: No settings file exists, new profile?" (new Error("", "(unknown module)"))
1613175587554	Marionette	INFO	Listening on port 55229
console.warn: SearchSettings: "get: No settings file exists, new profile?" (new Error("", "(unknown module)"))
1613175587793	Marionette	WARN	TLS certificate errors will be ignored for this session
1613175587805	Marionette	ERROR	[15] No reply from Marionette:Register
1613175743460	Marionette	INFO	Stopped listening on port 55229

###!!! [Child][RunMessage] Error: Channel closing: too late to send/recv, messages will be lost

1613176278199	geckodriver	INFO	Listening on 127.0.0.1:55429
1613176281234	mozrunner::runner	INFO	Running command: "C:\\Program Files\\Mozilla Firefox\\firefox.exe" "--marionette" "-foreground" "-no-remote" "-profile" "C:\\Users\\silvi\\AppData\\Local\\Temp\\rust_mozprofilen27nrj"
console.warn: SearchSettings: "get: No settings file exists, new profile?" (new Error("", "(unknown module)"))
1613176283655	Marionette	INFO	Listening on port 55437
1613176283862	Marionette	WARN	TLS certificate errors will be ignored for this session
1613176283875	Marionette	ERROR	[15] No reply from Marionette:Register
console.warn: SearchSettings: "get: No settings file exists, new profile?" (new Error("", "(unknown module)"))
1613176463144	Marionette	INFO	Stopped listening on port 55437

###!!! [Child][RunMessage] Error: Channel closing: too late to send/recv, messages will be lost

"--marionette" "-foreground" "-no-remote" "-profile" "C:\\Users\\silvi\\AppData\\Local\\Temp\\rust_mozprofileVc6jNU"
console.warn: SearchSettings: "get: No settings file exists, new profile?" (new Error("", "(unknown module)"))
1613176349819	Marionette	INFO	Listening on port 55534
1613176349887	Marionette	WARN	TLS certificate errors will be ignored for this session
1613176349920	Marionette	ERROR	[15] No reply from Marionette:Register
console.warn: SearchSettings: "get: No settings file exists, new profile?" (new Error("", "(unknown module)"))
1613176461491	Marionette	INFO	Stopped listening on port 55534

###!!! [Child][RunMessage] Error: Channel closing: too late to send/recv, messages will be lost

"--marionette" "-foreground" "-no-remote" "-profile" "C:\\Users\\silvi\\AppData\\Local\\Temp\\rust_mozprofilerqhft9"
console.warn: SearchSettings: "get: No settings file exists, new profile?" (new Error("", "(unknown module)"))
1613176408776	Marionette	INFO	Listening on port 55615
1613176408867	Marionette	WARN	TLS certificate errors will be ignored for this session
1613176408885	Marionette	ERROR	[15] No reply from Marionette:Register
console.warn: SearchSettings: "get: No settings file exists, new profile?" (new Error("", "(unknown module)"))
1613176462516	Marionette	INFO	Stopped listening on port 55615
1613176464809	geckodriver	INFO	Listening on 127.0.0.1:55687
1613176467847	mozrunner::runner	INFO	Running command: "C:\\Program Files\\Mozilla Firefox\\firefox.exe" "--marionette" "-foreground" "-no-remote" "-profile" "C:\\Users\\silvi\\AppData\\Local\\Temp\\rust_mozprofileQs8D5B"
console.warn: SearchSettings: "get: No settings file exists, new profile?" (new Error("", "(unknown module)"))
1613176470243	Marionette	INFO	Listening on port 55700
console.warn: SearchSettings: "get: No settings file exists, new profile?" (new Error("", "(unknown module)"))
1613176470476	Marionette	WARN	TLS certificate errors will be ignored for this session
1613176470490	Marionette	ERROR	[15] No reply from Marionette:Register
1613176550576	Marionette	INFO	Stopped listening on port 55701613176551715	mozrunner::runner	INFO	Running command: "C:\\Program Files\\Mozilla Firefox\\firefox.exe" "--marionette" "-foreground" "-no-remote" "-profile" "C:\\Users\\silvi\\AppData\\Local\\Temp\\rust_mozprofileSTdqGM"
console.warn: SearchSettings: "get: No settings file exists, new profile?" (new Error("", "(unknown module)"))
1613176554105	Marionette	INFO	Listening on port 55795
console.warn: SearchSettings: "get: No settings file exists, new profile?" (new Error("", "(unknown module)"))
1613176554356	Marionette	WARN	TLS certificate errors will be ignored for this session
1613176554370	Marionette	ERROR	[15] No reply from Marionette:Register
1613176630279	Marionette	INFO	Stopped listening on port 55791613176631489	mozrunner::runner	INFO	Running command: "C:\\Program Files\\Mozilla Firefox\\firefox.exe" "--marionette" "-foreground" "-no-remote" "-profile" "C:\\Users\\silvi\\AppData\\Local\\Temp\\rust_mozprofilesAC5wp"
console.warn: SearchSettings: "get: No settings file exists, new profile?" (new Error("", "(unknown module)"))
1613176633937	Marionette	INFO	Listening on port 55896
console.warn: SearchSettings: "get: No settings file exists, new profile?" (new Error("", "(unknown module)"))
1613176634115	Marionette	WARN	TLS certificate errors will be ignored for this session
1613176634126	Marionette	ERROR	[15] No reply from Marionette:Register
1613176747026	Marionette	INFO	Stopped listening on port 55896

###!!! [Child][RunMessage] Error: Channel closing: too late to send/recv, messages will be lost

"--marionette" "-foreground" "-no-remote" "-profile" "C:\\Users\\silvi\\AppData\\Local\\Temp\\rust_mozprofileZNqrGa"
console.warn: SearchSettings: "get: No settings file exists, new profile?" (new Error("", "(unknown module)"))
1613176725605	Marionette	INFO	Listening on port 55982
console.warn: SearchSettings: "get: No settings file exists, new profile?" (new Error("", "(unknown module)"))
1613176726113	Marionette	WARN	TLS certificate errors will be ignored for this session
1613176726127	Marionette	ERROR	[15] No reply from Marionette:Register
1613176745126	Marionette	INFO	Stopped listening on port 55982

###!!! [Child][RunMessage] Error: Channel closing: too late to send/recv, messages will be lost

1613176769135	geckodriver	INFO	Listening on 127.0.0.1:56060
1613176772174	mozrunner::runner	INFO	Running command: "C:\\Program Files\\Mozilla Firefox\\firefox.exe" "--marionette" "-foreground" "-no-remote" "-profile" "C:\\Users\\silvi\\AppData\\Local\\Temp\\rust_mozprofile26gnyH"
console.warn: SearchSettings: "get: No settings file exists, new profile?" (new Error("", "(unknown module)"))
1613176774663	Marionette	INFO	Listening on port 56068
console.warn: SearchSettings: "get: No settings file exists, new profile?" (new Error("", "(unknown module)"))
1613176774804	Marionette	WARN	TLS certificate errors will be ignored for this session
1613176774815	Marionette	ERROR	[15] No reply from Marionette:Register
1613176781650	Marionette	ERROR	[33] No reply from Marionette:Register
1613176957466	Marionette	INFO	Stopped listening on port 56068

###!!! [Child][RunMessage] Error: Channel closing: too late to send/recv, messages will be lost

"--marionette" "-foreground" "-no-remote" "-profile" "C:\\Users\\silvi\\AppData\\Local\\Temp\\rust_mozprofileDZ5XwV"
console.warn: SearchSettings: "get: No settings file exists, new profile?" (new Error("", "(unknown module)"))
1613176861316	Marionette	INFO	Listening on port 56179
1613176861400	Marionette	WARN	TLS certificate errors will be ignored for this session
1613176861418	Marionette	ERROR	[15] No reply from Marionette:Register
console.warn: SearchSettings: "get: No settings file exists, new profile?" (new Error("", "(unknown module)"))
1613176868604	Marionette	ERROR	[33] No reply from Marionette:Register
1613176880961	Marionette	INFO	Stopped listening on port 56179

###!!! [Child][RunMessage] Error: Channel closing: too late to send/recv, messages will be lost

1613176958906	geckodriver	INFO	Listening on 127.0.0.1:56261
1613176961952	mozrunner::runner	INFO	Running command: "C:\\Program Files\\Mozilla Firefox\\firefox.exe" "--marionette" "-foreground" "-no-remote" "-profile" "C:\\Users\\silvi\\AppData\\Local\\Temp\\rust_mozprofileUQ5d72"
console.warn: SearchSettings: "get: No settings file exists, new profile?" (new Error("", "(unknown module)"))
1613176964357	Marionette	INFO	Listening on port 56269
console.warn: SearchSettings: "get: No settings file exists, new profile?" (new Error("", "(unknown module)"))
1613176964598	Marionette	WARN	TLS certificate errors will be ignored for this session
1613176964613	Marionette	ERROR	[15] No reply from Marionette:Register
JavaScript error: resource:///actors/ContentMetaChild.jsm, line 179: InvalidStateError: JSWindowActorChild.sendAsyncMessage: JSWindowActorChild cannot send at the moment
1613176966293	Marionette	INFO	Stopped listening on port 56269

###!!! [Child][RunMessage] Error: Channel closing: too late to send/recv, messages will be lost

1613176993216	geckodriver	INFO	Listening on 127.0.0.1:56314
1613176996244	mozrunner::runner	INFO	Running command: "C:\\Program Files\\Mozilla Firefox\\firefox.exe" "--marionette" "-foreground" "-no-remote" "-profile" "C:\\Users\\silvi\\AppData\\Local\\Temp\\rust_mozprofileNQgWMj"
console.warn: SearchSettings: "get: No settings file exists, new profile?" (new Error("", "(unknown module)"))
1613176998699	Marionette	INFO	Listening on port 56322
console.warn: SearchSettings: "get: No settings file exists, new profile?" (new Error("", "(unknown module)"))
1613176998873	Marionette	WARN	TLS certificate errors will be ignored for this session
1613176998885	Marionette	ERROR	[15] No reply from Marionette:Register
1613177005640	Marionette	ERROR	[33] No reply from Marionette:Register
SourceActor threw an exception: [Exception... "Component returned failure code: 0x80470002 (NS_BASE_STREAM_CLOSED) [nsIInputStream.available]"  nsresult: "0x80470002 (NS_BASE_STREAM_CLOSED)"  location: "JS frame :: resource://devtools/shared/DevToolsUtils.js :: onResponse :: line 567"  data: no]
Stack: onResponse@resource://devtools/shared/DevToolsUtils.js:567:34
onStopRequest@resource://gre/modules/NetUtil.jsm:128:18
Line: 567, column: 0
console.error: ({})
JavaScript error: resource://devtools/shared/DevToolsUtils.js, line 567: NS_BASE_STREAM_CLOSED: Component returned failure code: 0x80470002 (NS_BASE_STREAM_CLOSED) [nsIInputStream.available]
1613177203306	Marionette	INFO	Stopped listening on port 56322

###!!! [Child][RunMessage] Error: Channel closing: too late to send/recv, messages will be lost

1613177208579	geckodriver	INFO	Listening on 127.0.0.1:56431
1613177211625	mozrunner::runner	INFO	Running command: "C:\\Program Files\\Mozilla Firefox\\firefox.exe" "--marionette" "-foreground" "-no-remote" "-profile" "C:\\Users\\silvi\\AppData\\Local\\Temp\\rust_mozprofileqU2Qrv"
console.warn: SearchSettings: "get: No settings file exists, new profile?" (new Error("", "(unknown module)"))
console.warn: SearchSettings: "get: No settings file exists, new profile?" (new Error("", "(unknown module)"))
1613177214198	Marionette	INFO	Listening on port 56439
1613177214270	Marionette	WARN	TLS certificate errors will be ignored for this session
1613177214284	Marionette	ERROR	[15] No reply from Marionette:Register
1613177221030	Marionette	ERROR	[33] No reply from Marionette:Register
JavaScript error: , line 0: uncaught exception: Object
1613177699416	Marionette	INFO	Stopped listening on port 56439

###!!! [Child][RunMessage] Error: Channel closing: too late to send/recv, messages will be lost

"--marionette" "-foreground" "-no-remote" "-profile" "C:\\Users\\silvi\\AppData\\Local\\Temp\\rust_mozprofileCHrFSK"
console.warn: SearchSettings: "get: No settings file exists, new profile?" (new Error("", "(unknown module)"))
1613177374700	Marionette	INFO	Listening on port 56558
console.warn: SearchSettings: "get: No settings file exists, new profile?" (new Error("", "(unknown module)"))
1613177375216	Marionette	WARN	TLS certificate errors will be ignored for this session
1613177375229	Marionette	ERROR	[15] No reply from Marionette:Register
1613177381906	Marionette	ERROR	[33] No reply from Marionette:Register
1613177384407	Marionette	WARN	TimedPromise timed out after 500 ms: stacktrace:
TimedPromise/<@chrome://marionette/content/sync.js:235:19
TimedPromise@chrome://marionette/content/sync.js:220:10
interaction.flushEventLoop@chrome://marionette/content/interaction.js:418:10
webdriverClickElement@chrome://marionette/content/interaction.js:179:31
1613177698417	Marionette	INFO	Stopped listening on port 56558

###!!! [Child][RunMessage] Error: Channel closing: too late to send/recv, messages will be lost

1613178054058	geckodriver	INFO	Listening on 127.0.0.1:56802
1613178057104	mozrunner::runner	INFO	Running command: "C:\\Program Files\\Mozilla Firefox\\firefox.exe" "--marionette" "-foreground" "-no-remote" "-profile" "C:\\Users\\silvi\\AppData\\Local\\Temp\\rust_mozprofileKtbjM1"
console.warn: SearchSettings: "get: No settings file exists, new profile?" (new Error("", "(unknown module)"))
console.warn: SearchSettings: "get: No settings file exists, new profile?" (new Error("", "(unknown module)"))
1613178059746	Marionette	INFO	Listening on port 56811
1613178060234	Marionette	WARN	TLS certificate errors will be ignored for this session
1613178060245	Marionette	ERROR	[15] No reply from Marionette:Register
1613178067148	Marionette	ERROR	[33] No reply from Marionette:Register
JavaScript error: , line 0: uncaught exception: Object
1613178193577	Marionette	INFO	Stopped listening on port 56811

###!!! [Child][RunMessage] Error: Channel closing: too late to send/recv, messages will be lost

1613178564969	geckodriver	INFO	Listening on 127.0.0.1:56950
1613178568017	mozrunner::runner	INFO	Running command: "C:\\Program Files\\Mozilla Firefox\\firefox.exe" "--marionette" "-foreground" "-no-remote" "-profile" "C:\\Users\\silvi\\AppData\\Local\\Temp\\rust_mozprofileTiXjPC"
console.warn: SearchSettings: "get: No settings file exists, new profile?" (new Error("", "(unknown module)"))
1613178570567	Marionette	INFO	Listening on port 56958
1613178570662	Marionette	WARN	TLS certificate errors will be ignored for this session
1613178570680	Marionette	ERROR	[15] No reply from Marionette:Register
console.warn: SearchSettings: "get: No settings file exists, new profile?" (new Error("", "(unknown module)"))
1613178577432	Marionette	ERROR	[33] No reply from Marionette:Register
1613178625599	Marionette	INFO	Stopped listening on port 56958

###!!! [Child][RunMessage] Error: Channel closing: too late to send/recv, messages will be lost

1613178626886	geckodriver	INFO	Listening on 127.0.0.1:57046
1613178629932	mozrunner::runner	INFO	Running command: "C:\\Program Files\\Mozilla Firefox\\firefox.exe" "--marionette" "-foreground" "-no-remote" "-profile" "C:\\Users\\silvi\\AppData\\Local\\Temp\\rust_mozprofileZO5XmO"
console.warn: SearchSettings: "get: No settings file exists, new profile?" (new Error("", "(unknown module)"))
1613178632493	Marionette	INFO	Listening on port 57054
1613178632589	Marionette	WARN	TLS certificate errors will be ignored for this session
console.warn: SearchSettings: "get: No settings file exists, new profile?" (new Error("", "(unknown module)"))
1613178632604	Marionette	ERROR	[15] No reply from Marionette:Register
1613178639415	Marionette	ERROR	[33] No reply from Marionette:Register
1613178794299	Marionette	INFO	Stopped listening on port 57054

###!!! [Child][RunMessage] Error: Channel closing: too late to send/recv, messages will be lost

1613178801210	geckodriver	INFO	Listening on 127.0.0.1:57167
1613178804257	mozrunner::runner	INFO	Running command: "C:\\Program Files\\Mozilla Firefox\\firefox.exe" "--marionette" "-foreground" "-no-remote" "-profile" "C:\\Users\\silvi\\AppData\\Local\\Temp\\rust_mozprofileYEyqa2"
console.warn: SearchSettings: "get: No settings file exists, new profile?" (new Error("", "(unknown module)"))
1613178806788	Marionette	INFO	Listening on port 57176
1613178806887	Marionette	WARN	TLS certificate errors will be ignored for this session
1613178806903	Marionette	ERROR	[15] No reply from Marionette:Register
console.warn: SearchSettings: "get: No settings file exists, new profile?" (new Error("", "(unknown module)"))
1613178813688	Marionette	ERROR	[33] No reply from Marionette:Register
1613178816592	Marionette	WARN	TimedPromise timed out after 500 ms: stacktrace:
TimedPromise/<@chrome://marionette/content/sync.js:235:19
TimedPromise@chrome://marionette/content/sync.js:220:10
interaction.flushEventLoop@chrome://marionette/content/interaction.js:418:10
webdriverClickElement@chrome://marionette/content/interaction.js:179:31
SourceActor threw an exception: [Exception... "Component returned failure code: 0x80470002 (NS_BASE_STREAM_CLOSED) [nsIInputStream.available]"  nsresult: "0x80470002 (NS_BASE_STREAM_CLOSED)"  location: "JS frame :: resource://devtools/shared/DevToolsUtils.js :: onResponse :: line 567"  data: no]
Stack: onResponse@resource://devtools/shared/DevToolsUtils.js:567:34
onStopRequest@resource://gre/modules/NetUtil.jsm:128:18
Line: 567, column: 0
console.error: ({})
JavaScript error: resource://devtools/shared/DevToolsUtils.js, line 567: NS_BASE_STREAM_CLOSED: Component returned failure code: 0x80470002 (NS_BASE_STREAM_CLOSED) [nsIInputStream.available]
1613179132184	Marionette	INFO	Stopped listening on port 57176

###!!! [Child][RunMessage] Error: Channel closing: too late to send/recv, messages will be lost

"--marionette" "-foreground" "-no-remote" "-profile" "C:\\Users\\silvi\\AppData\\Local\\Temp\\rust_mozprofileMKDo13"
console.warn: SearchSettings: "get: No settings file exists, new profile?" (new Error("", "(unknown module)"))
1613179001437	Marionette	INFO	Listening on port 57297
console.warn: SearchSettings: "get: No settings file exists, new profile?" (new Error("", "(unknown module)"))
1613179001933	Marionette	WARN	TLS certificate errors will be ignored for this session
1613179001944	Marionette	ERROR	[18] No reply from Marionette:Register
1613179008838	Marionette	ERROR	[33] No reply from Marionette:Register
1613179011766	Marionette	WARN	TimedPromise timed out after 500 ms: stacktrace:
TimedPromise/<@chrome://marionette/content/sync.js:235:19
TimedPromise@chrome://marionette/content/sync.js:220:10
interaction.flushEventLoop@chrome://marionette/content/interaction.js:418:10
webdriverClickElement@chrome://marionette/content/interaction.js:179:31
1613179123521	Marionette	INFO	Stopped listening on port 57297

###!!! [Child][RunMessage] Error: Channel closing: too late to send/recv, messages will be lost

1613179133294	geckodriver	INFO	Listening on 127.0.0.1:57382
1613179136343	mozrunner::runner	INFO	Running command: "C:\\Program Files\\Mozilla Firefox\\firefox.exe" "--marionette" "-foreground" "-no-remote" "-profile" "C:\\Users\\silvi\\AppData\\Local\\Temp\\rust_mozprofileNgNcfm"
console.warn: SearchSettings: "get: No settings file exists, new profile?" (new Error("", "(unknown module)"))
1613179138864	Marionette	INFO	Listening on port 57390
console.warn: SearchSettings: "get: No settings file exists, new profile?" (new Error("", "(unknown module)"))
1613179138978	Marionette	WARN	TLS certificate errors will be ignored for this session
1613179138993	Marionette	ERROR	[15] No reply from Marionette:Register
1613179145877	Marionette	ERROR	[33] No reply from Marionette:Register
1613179148879	Marionette	WARN	TimedPromise timed out after 500 ms: stacktrace:
TimedPromise/<@chrome://marionette/content/sync.js:235:19
TimedPromise@chrome://marionette/content/sync.js:220:10
interaction.flushEventLoop@chrome://marionette/content/interaction.js:418:10
webdriverClickElement@chrome://marionette/content/interaction.js:179:31
1613179166797	Marionette	INFO	Stopped listening on port 57390

###!!! [Child][RunMessage] Error: Channel closing: too late to send/recv, messages will be lost

1613179450960	geckodriver	INFO	Listening on 127.0.0.1:57567
1613179454006	mozrunner::runner	INFO	Running command: "C:\\Program Files\\Mozilla Firefox\\firefox.exe" "--marionette" "-foreground" "-no-remote" "-profile" "C:\\Users\\silvi\\AppData\\Local\\Temp\\rust_mozprofile8KVkdS"
console.warn: SearchSettings: "get: No settings file exists, new profile?" (new Error("", "(unknown module)"))
1613179456449	Marionette	INFO	Listening on port 57575
console.warn: SearchSettings: "get: No settings file exists, new profile?" (new Error("", "(unknown module)"))
1613179456638	Marionette	WARN	TLS certificate errors will be ignored for this session
1613179456648	Marionette	ERROR	[15] No reply from Marionette:Register
1613179463785	Marionette	ERROR	[33] No reply from Marionette:Register
1613179466621	Marionette	WARN	TimedPromise timed out after 500 ms: stacktrace:
TimedPromise/<@chrome://marionette/content/sync.js:235:19
TimedPromise@chrome://marionette/content/sync.js:220:10
interaction.flushEventLoop@chrome://marionette/content/interaction.js:418:10
webdriverClickElement@chrome://marionette/content/interaction.js:179:31
1613179494821	Marionette	INFO	Stopped listening on port 57575

###!!! [Child][RunMessage] Error: Channel closing: too late to send/recv, messages will be lost

1613179542194	geckodriver	INFO	Listening on 127.0.0.1:57653
1613179545243	mozrunner::runner	INFO	Running command: "C:\\Program Files\\Mozilla Firefox\\firefox.exe" "--marionette" "-foreground" "-no-remote" "-profile" "C:\\Users\\silvi\\AppData\\Local\\Temp\\rust_mozprofile9xN1gJ"
console.warn: SearchSettings: "get: No settings file exists, new profile?" (new Error("", "(unknown module)"))
1613179547707	Marionette	INFO	Listening on port 57661
console.warn: SearchSettings: "get: No settings file exists, new profile?" (new Error("", "(unknown module)"))
1613179547871	Marionette	WARN	TLS certificate errors will be ignored for this session
1613179547883	Marionette	ERROR	[15] No reply from Marionette:Register
1613179554816	Marionette	ERROR	[33] No reply from Marionette:Register
1613179558316	Marionette	WARN	TimedPromise timed out after 500 ms: stacktrace:
TimedPromise/<@chrome://marionette/content/sync.js:235:19
TimedPromise@chrome://marionette/content/sync.js:220:10
interaction.flushEventLoop@chrome://marionette/content/interaction.js:418:10
webdriverClickElement@chrome://marionette/content/interaction.js:179:31
SourceActor threw an exception: [Exception... "Component returned failure code: 0x80470002 (NS_BASE_STREAM_CLOSED) [nsIInputStream.available]"  nsresult: "0x80470002 (NS_BASE_STREAM_CLOSED)"  location: "JS frame :: resource://devtools/shared/DevToolsUtils.js :: onResponse :: line 567"  data: no]
Stack: onResponse@resource://devtools/shared/DevToolsUtils.js:567:34
onStopRequest@resource://gre/modules/NetUtil.jsm:128:18
Line: 567, column: 0
console.error: ({})
JavaScript error: resource://devtools/shared/DevToolsUtils.js, line 567: NS_BASE_STREAM_CLOSED: Component returned failure code: 0x80470002 (NS_BASE_STREAM_CLOSED) [nsIInputStream.available]
1613179861481	Marionette	INFO	Stopped listening on port 57661

###!!! [Child][RunMessage] Error: Channel closing: too late to send/recv, messages will be lost

1613201314997	geckodriver	INFO	Listening on 127.0.0.1:62492
1613201318055	mozrunner::runner	INFO	Running command: "C:\\Program Files\\Mozilla Firefox\\firefox.exe" "--marionette" "-foreground" "-no-remote" "-profile" "C:\\Users\\silvi\\AppData\\Local\\Temp\\rust_mozprofileMibp3T"
console.warn: SearchSettings: "get: No settings file exists, new profile?" (new Error("", "(unknown module)"))
console.warn: SearchSettings: "get: No settings file exists, new profile?" (new Error("", "(unknown module)"))
1613201323484	Marionette	INFO	Listening on port 62502
1613201323763	Marionette	WARN	TLS certificate errors will be ignored for this session
1613201323781	Marionette	ERROR	[15] No reply from Marionette:Register
1613201330843	Marionette	ERROR	[33] No reply from Marionette:Register
1613201333963	Marionette	WARN	TimedPromise timed out after 500 ms: stacktrace:
TimedPromise/<@chrome://marionette/content/sync.js:235:19
TimedPromise@chrome://marionette/content/sync.js:220:10
interaction.flushEventLoop@chrome://marionette/content/interaction.js:418:10
webdriverClickElement@chrome://marionette/content/interaction.js:179:31
1613201683771	Marionette	INFO	Stopped listening on port 62502

###!!! [Child][RunMessage] Error: Channel closing: too late to send/recv, messages will be lost

1613201822705	geckodriver	INFO	Listening on 127.0.0.1:62666
1613201825752	mozrunner::runner	INFO	Running command: "C:\\Program Files\\Mozilla Firefox\\firefox.exe" "--marionette" "-foreground" "-no-remote" "-profile" "C:\\Users\\silvi\\AppData\\Local\\Temp\\rust_mozprofile1ByW89"
console.warn: SearchSettings: "get: No settings file exists, new profile?" (new Error("", "(unknown module)"))
console.warn: SearchSettings: "get: No settings file exists, new profile?" (new Error("", "(unknown module)"))
1613201828537	Marionette	INFO	Listening on port 62674
1613201828889	Marionette	WARN	TLS certificate errors will be ignored for this session
1613201828901	Marionette	ERROR	[15] No reply from Marionette:Register
1613201835831	Marionette	ERROR	[33] No reply from Marionette:Register
1613201840128	Marionette	WARN	TimedPromise timed out after 500 ms: stacktrace:
TimedPromise/<@chrome://marionette/content/sync.js:235:19
TimedPromise@chrome://marionette/content/sync.js:220:10
interaction.flushEventLoop@chrome://marionette/content/interaction.js:418:10
webdriverClickElement@chrome://marionette/content/interaction.js:179:31
1613202164380	Marionette	INFO	Stopped listening on port 62674

###!!! [Child][RunMessage] Error: Channel closing: too late to send/recv, messages will be lost

"--marionette" "-foreground" "-no-remote" "-profile" "C:\\Users\\silvi\\AppData\\Local\\Temp\\rust_mozprofileAuyvzQ"
console.warn: SearchSettings: "get: No settings file exists, new profile?" (new Error("", "(unknown module)"))
console.warn: SearchSettings: "get: No settings file exists, new profile?" (new Error("", "(unknown module)"))
1613202105023	Marionette	INFO	Listening on port 62818
1613202105524	Marionette	WARN	TLS certificate errors will be ignored for this session
1613202105535	Marionette	ERROR	[18] No reply from Marionette:Register
1613202112408	Marionette	ERROR	[33] No reply from Marionette:Register
1613202116410	Marionette	WARN	TimedPromise timed out after 500 ms: stacktrace:
TimedPromise/<@chrome://marionette/content/sync.js:235:19
TimedPromise@chrome://marionette/content/sync.js:220:10
interaction.flushEventLoop@chrome://marionette/content/interaction.js:418:10
webdriverClickElement@chrome://marionette/content/interaction.js:179:31
1613202163479	Marionette	INFO	Stopped listening on port 62818
1613203935376	geckodriver	INFO	Listening on 127.0.0.1:63503
1613203938424	mozrunner::runner	INFO	Running command: "C:\\Program Files\\Mozilla Firefox\\firefox.exe" "--marionette" "-foreground" "-no-remote" "-profile" "C:\\Users\\silvi\\AppData\\Local\\Temp\\rust_mozprofileRYZKqf"
console.warn: SearchSettings: "get: No settings file exists, new profile?" (new Error("", "(unknown module)"))
console.warn: SearchSettings: "get: No settings file exists, new profile?" (new Error("", "(unknown module)"))
1613203941128	Marionette	INFO	Listening on port 63512
1613203941557	Marionette	WARN	TLS certificate errors will be ignored for this session
1613203941568	Marionette	ERROR	[18] No reply from Marionette:Register
1613203949658	Marionette	ERROR	[33] No reply from Marionette:Register
1613203952452	Marionette	WARN	TimedPromise timed out after 500 ms: stacktrace:
TimedPromise/<@chrome://marionette/content/sync.js:235:19
TimedPromise@chrome://marionette/content/sync.js:220:10
interaction.flushEventLoop@chrome://marionette/content/interaction.js:418:10
webdriverClickElement@chrome://marionette/content/interaction.js:179:31
1613204371501	Marionette	INFO	Stopped listening on port 63512
3204178428	mozrunner::runner	INFO	Running command: "C:\\Program Files\\Mozilla Firefox\\firefox.exe" "--marionette" "-foreground" "-no-remote" "-profile" "C:\\Users\\silvi\\AppData\\Local\\Temp\\rust_mozprofileSJ3kGO"
console.warn: SearchSettings: "get: No settings file exists, new profile?" (new Error("", "(unknown module)"))
1613204181012	Marionette	INFO	Listening on port 63631
console.warn: SearchSettings: "get: No settings file exists, new profile?" (new Error("", "(unknown module)"))
1613204181098	Marionette	WARN	TLS certificate errors will be ignored for this session
1613204181111	Marionette	ERROR	[15] No reply from Marionette:Register
1613204187214	Marionette	ERROR	[33] No reply from Marionette:Register
1613204189134	Marionette	WARN	TimedPromise timed out after 500 ms: stacktrace:
TimedPromise/<@chrome://marionette/content/sync.js:235:19
TimedPromise@chrome://marionette/content/sync.js:220:10
interaction.flushEventLoop@chrome://marionette/content/interaction.js:418:10
webdriverClickElement@chrome://marionette/content/interaction.js:179:31
1613204370580	Marionette	INFO	Stopped listening on port 63631

###!!! [Child][RunMessage] Error: Channel closing: too late to send/recv, messages will be lost

1613204388300	geckodriver	INFO	Listening on 127.0.0.1:63739
1613204391346	mozrunner::runner	INFO	Running command: "C:\\Program Files\\Mozilla Firefox\\firefox.exe" "--marionette" "-foreground" "-no-remote" "-profile" "C:\\Users\\silvi\\AppData\\Local\\Temp\\rust_mozprofilexboMXO"
console.warn: SearchSettings: "get: No settings file exists, new profile?" (new Error("", "(unknown module)"))
1613204393866	Marionette	INFO	Listening on port 63747
console.warn: SearchSettings: "get: No settings file exists, new profile?" (new Error("", "(unknown module)"))
1613204393978	Marionette	WARN	TLS certificate errors will be ignored for this session
1613204393991	Marionette	ERROR	[15] No reply from Marionette:Register
1613204400203	Marionette	ERROR	[33] No reply from Marionette:Register
1613204403278	Marionette	WARN	TimedPromise timed out after 500 ms: stacktrace:
TimedPromise/<@chrome://marionette/content/sync.js:235:19
TimedPromise@chrome://marionette/content/sync.js:220:10
interaction.flushEventLoop@chrome://marionette/content/interaction.js:418:10
webdriverClickElement@chrome://marionette/content/interaction.js:179:31
1613204543166	Marionette	INFO	Stopped listening on port 63747

###!!! [Child][RunMessage] Error: Channel closing: too late to send/recv, messages will be lost

"--marionette" "-foreground" "-no-remote" "-profile" "C:\\Users\\silvi\\AppData\\Local\\Temp\\rust_mozprofilew3g3kP"
console.warn: SearchSettings: "get: No settings file exists, new profile?" (new Error("", "(unknown module)"))
console.warn: SearchSettings: "get: No settings file exists, new profile?" (new Error("", "(unknown module)"))
1613204518524	Marionette	INFO	Listening on port 63868
1613204519011	Marionette	WARN	TLS certificate errors will be ignored for this session
1613204519022	Marionette	ERROR	[15] No reply from Marionette:Register
1613204525433	Marionette	ERROR	[33] No reply from Marionette:Register
1613204527761	Marionette	WARN	TimedPromise timed out after 500 ms: stacktrace:
TimedPromise/<@chrome://marionette/content/sync.js:235:19
TimedPromise@chrome://marionette/content/sync.js:220:10
interaction.flushEventLoop@chrome://marionette/content/interaction.js:418:10
webdriverClickElement@chrome://marionette/content/interaction.js:179:31
1613204542164	Marionette	INFO	Stopped listening on port 63868

###!!! [Child][RunMessage] Error: Channel closing: too late to send/recv, messages will be lost

1613204573407	geckodriver	INFO	Listening on 127.0.0.1:63951
1613204576454	mozrunner::runner	INFO	Running command: "C:\\Program Files\\Mozilla Firefox\\firefox.exe" "--marionette" "-foreground" "-no-remote" "-profile" "C:\\Users\\silvi\\AppData\\Local\\Temp\\rust_mozprofile4YTCwd"
console.warn: SearchSettings: "get: No settings file exists, new profile?" (new Error("", "(unknown module)"))
1613204578972	Marionette	INFO	Listening on port 63959
console.warn: SearchSettings: "get: No settings file exists, new profile?" (new Error("", "(unknown module)"))
1613204579086	Marionette	WARN	TLS certificate errors will be ignored for this session
1613204579101	Marionette	ERROR	[15] No reply from Marionette:Register
1613204585163	Marionette	ERROR	[33] No reply from Marionette:Register
1613204587074	Marionette	WARN	TimedPromise timed out after 500 ms: stacktrace:
TimedPromise/<@chrome://marionette/content/sync.js:235:19
TimedPromise@chrome://marionette/content/sync.js:220:10
interaction.flushEventLoop@chrome://marionette/content/interaction.js:418:10
webdriverClickElement@chrome://marionette/content/interaction.js:179:31
1613204611267	Marionette	INFO	Stopped listening on port 63959

###!!! [Child][RunMessage] Error: Channel closing: too late to send/recv, messages will be lost

1613204682801	geckodriver	INFO	Listening on 127.0.0.1:64043
1613204685839	mozrunner::runner	INFO	Running command: "C:\\Program Files\\Mozilla Firefox\\firefox.exe" "--marionette" "-foreground" "-no-remote" "-profile" "C:\\Users\\silvi\\AppData\\Local\\Temp\\rust_mozprofileMqBPEO"
console.warn: SearchSettings: "get: No settings file exists, new profile?" (new Error("", "(unknown module)"))
1613204688328	Marionette	INFO	Listening on port 64053
console.warn: SearchSettings: "get: No settings file exists, new profile?" (new Error("", "(unknown module)"))
1613204688473	Marionette	WARN	TLS certificate errors will be ignored for this session
1613204688484	Marionette	ERROR	[15] No reply from Marionette:Register
1613204694607	Marionette	ERROR	[33] No reply from Marionette:Register
1613204697130	Marionette	WARN	TimedPromise timed out after 500 ms: stacktrace:
TimedPromise/<@chrome://marionette/content/sync.js:235:19
TimedPromise@chrome://marionette/content/sync.js:220:10
interaction.flushEventLoop@chrome://marionette/content/interaction.js:418:10
webdriverClickElement@chrome://marionette/content/interaction.js:179:31
1613204940827	Marionette	INFO	Stopped listening on port 64053

###!!! [Child][RunMessage] Error: Channel closing: too late to send/recv, messages will be lost

"--marionette" "-foreground" "-no-remote" "-profile" "C:\\Users\\silvi\\AppData\\Local\\Temp\\rust_mozprofileQ0c6J9"
console.warn: SearchSettings: "get: No settings file exists, new profile?" (new Error("", "(unknown module)"))
console.warn: SearchSettings: "get: No settings file exists, new profile?" (new Error("", "(unknown module)"))
1613204807340	Marionette	INFO	Listening on port 64164
1613204807760	Marionette	WARN	TLS certificate errors will be ignored for this session
1613204807772	Marionette	ERROR	[15] No reply from Marionette:Register
1613204813955	Marionette	ERROR	[33] No reply from Marionette:Register
1613204816029	Marionette	WARN	TimedPromise timed out after 500 ms: stacktrace:
TimedPromise/<@chrome://marionette/content/sync.js:235:19
TimedPromise@chrome://marionette/content/sync.js:220:10
interaction.flushEventLoop@chrome://marionette/content/interaction.js:418:10
webdriverClickElement@chrome://marionette/content/interaction.js:179:31

###!!! [Child][MessageChannel] Error: (msgtype=0x3A0158,name=PContent::Msg_InsertNewFocusActionId) Closed channel: cannot send/recv

IPDL protocol error: Handler returned error code!

###!!! [Parent][DispatchAsyncMessage] Error: PBackgroundStorage::Msg_AsyncAddItem Processing error: message was deserialized, but the handler returned false (indicating failure)

"(unknown module)"))
1613204894241	Marionette	INFO	Listening on port 64252
console.warn: SearchSettings: "get: No settings file exists, new profile?" (new Error("", "(unknown module)"))
1613204894348	Marionette	WARN	TLS certificate errors will be ignored for this session
1613204894362	Marionette	ERROR	[15] No reply from Marionette:Register
1613204901258	Marionette	ERROR	[33] No reply from Marionette:Register
1613204904427	Marionette	WARN	TimedPromise timed out after 500 ms: stacktrace:
TimedPromise/<@chrome://marionette/content/sync.js:235:19
TimedPromise@chrome://marionette/content/sync.js:220:10
interaction.flushEventLoop@chrome://marionette/content/interaction.js:418:10
webdriverClickElement@chrome://marionette/content/interaction.js:179:31
1613204927313	Marionette	INFO	Stopped listening on port 64252

###!!! [Child][RunMessage] Error: Channel closing: too late to send/recv, messages will be lost

